<?xml version="1.0" encoding="UTF-8"?>
<testsuite name="com.bridgelabz.cabinvoicegeneratorTest.CabInvoiceGeneratorTest" tests="2" skipped="0" failures="0" errors="0" timestamp="2021-07-26T18:39:07" hostname="NARUTO" time="0.026">
  <properties/>
  <testcase name="givenDistanceAndTime_WhenLessThanMinimumFare_ShouldReturnTotalFare()" classname="com.bridgelabz.cabinvoicegeneratorTest.CabInvoiceGeneratorTest" time="0.024"/>
  <testcase name="givenDistanceAndTime_ShouldReturnTotalFare()" classname="com.bridgelabz.cabinvoicegeneratorTest.CabInvoiceGeneratorTest" time="0.001"/>
  <system-out><![CDATA[]]></system-out>
  <system-err><![CDATA[]]></system-err>
</testsuite>
