<?xml version="1.0" encoding="UTF-8"?>
<testsuite name="com.bridgelabz.cabinvoicegeneratorTest.CabInvoiceGeneratorTest" tests="1" skipped="0" failures="0" errors="0" timestamp="2021-07-26T19:13:55" hostname="NARUTO" time="0.02">
  <properties/>
  <testcase name="givenDistanceAndTime_WhenPremiumAndLessThanMinimum_ShouldReturnTotalFare()" classname="com.bridgelabz.cabinvoicegeneratorTest.CabInvoiceGeneratorTest" time="0.02"/>
  <system-out><![CDATA[]]></system-out>
  <system-err><![CDATA[]]></system-err>
</testsuite>
