<?xml version="1.0" encoding="UTF-8"?>
<testsuite name="com.bridgelabz.cabinvoicegeneratorTest.CabInvoiceGeneratorTest" tests="1" skipped="0" failures="0" errors="0" timestamp="2021-07-26T19:05:16" hostname="NARUTO" time="0.027">
  <properties/>
  <testcase name="givenUserID_ShouldReturnListOfRides()" classname="com.bridgelabz.cabinvoicegeneratorTest.CabInvoiceGeneratorTest" time="0.027"/>
  <system-out><![CDATA[]]></system-out>
  <system-err><![CDATA[]]></system-err>
</testsuite>
